<?xml version="1.0" encoding="UTF-8"?>
<!-- Generated by org.testng.reporters.JUnitReportReporter -->
<testsuite hostname="DESKTOP-7STGH0Q" failures="0" tests="2" name="Com.TestNgDemo.AnnotationDemoTest" time="0.041" errors="0" timestamp="2024-03-15T11:40:56 IST" skipped="0">
  <testcase classname="Com.TestNgDemo.AnnotationDemoTest" name="f1" time="0.015"/>
  <system-out/>
  <testcase classname="Com.TestNgDemo.AnnotationDemoTest" name="f" time="0.026"/>
  <system-out/>
</testsuite> <!-- Com.TestNgDemo.AnnotationDemoTest -->
