<?xml version="1.0" encoding="UTF-8"?>
<!-- Generated by org.testng.reporters.JUnitReportReporter -->
<testsuite hostname="DESKTOP-7STGH0Q" failures="0" tests="6" name="WeShopDemoSite.WebShopTest" time="40.629" errors="0" timestamp="2024-03-18T10:36:27 IST" skipped="0">
  <testcase classname="WeShopDemoSite.WebShopTest" name="PurchaseProduct" time="3.756"/>
  <system-out/>
  <testcase classname="WeShopDemoSite.WebShopTest" name="checkout" time="1.868"/>
  <system-out/>
  <testcase classname="WeShopDemoSite.WebShopTest" name="shipping" time="12.351"/>
  <system-out/>
  <testcase classname="WeShopDemoSite.WebShopTest" name="Register" time="9.456"/>
  <system-out/>
  <testcase classname="WeShopDemoSite.WebShopTest" name="LoginCheck" time="8.233"/>
  <system-out/>
  <testcase classname="WeShopDemoSite.WebShopTest" name="AddTocart" time="4.965"/>
  <system-out/>
</testsuite> <!-- WeShopDemoSite.WebShopTest -->
