<?xml version="1.0" encoding="UTF-8"?>
<!-- Generated by org.testng.reporters.JUnitReportReporter -->
<testsuite hostname="DESKTOP-7STGH0Q" failures="0" tests="4" name="Com.TestNgDemo.PositivePriority" time="0.045" errors="0" timestamp="2024-03-16T11:13:42 IST" skipped="0">
  <testcase classname="Com.TestNgDemo.PositivePriority" name="addition" time="0.034"/>
  <system-out/>
  <testcase classname="Com.TestNgDemo.PositivePriority" name="substraction" time="0.004"/>
  <system-out/>
  <testcase classname="Com.TestNgDemo.PositivePriority" name="multiplication" time="0.003"/>
  <system-out/>
  <testcase classname="Com.TestNgDemo.PositivePriority" name="division" time="0.004"/>
  <system-out/>
</testsuite> <!-- Com.TestNgDemo.PositivePriority -->
