<?xml version="1.0" encoding="UTF-8"?>
<!-- Generated by org.testng.reporters.JUnitReportReporter -->
<testsuite hostname="DESKTOP-7STGH0Q" failures="0" tests="4" name="Day_26_SkipTestMethod.SkipMethod" time="0.039" errors="0" timestamp="2024-03-23T10:42:04 IST" skipped="1">
  <testcase classname="Day_26_SkipTestMethod.SkipMethod" name="m2" time="0.003"/>
  <system-out/>
  <testcase classname="Day_26_SkipTestMethod.SkipMethod" name="m4" time="0.009"/>
  <system-out/>
  <testcase classname="Day_26_SkipTestMethod.SkipMethod" name="m1" time="0.027"/>
  <system-out/>
  <testcase classname="Day_26_SkipTestMethod.SkipMethod" name="m3">
    <skipped/>
  </testcase> <!-- m3 -->
  <system-out/>
</testsuite> <!-- Day_26_SkipTestMethod.SkipMethod -->
