<?xml version="1.0" encoding="UTF-8"?>
<!-- Generated by org.testng.reporters.JUnitReportReporter -->
<testsuite hostname="DESKTOP-7STGH0Q" failures="0" tests="1" name="Com.AutomationDemoSite.RegistrationTest" time="6.639" errors="0" timestamp="2024-03-17T12:41:45 IST" skipped="0">
  <testcase classname="Com.AutomationDemoSite.RegistrationTest" name="Registration" time="6.639"/>
  <system-out/>
</testsuite> <!-- Com.AutomationDemoSite.RegistrationTest -->
