<?xml version="1.0" encoding="UTF-8"?>
<!-- Generated by org.testng.reporters.JUnitReportReporter -->
<testsuite hostname="DESKTOP-7STGH0Q" failures="0" tests="1" name="AsserionInTestNG.SoftAssertFB" time="14.635" errors="0" timestamp="2024-03-21T12:56:49 IST" skipped="0">
  <testcase classname="AsserionInTestNG.SoftAssertFB" name="FbLogin" time="14.635"/>
  <system-out/>
</testsuite> <!-- AsserionInTestNG.SoftAssertFB -->
