<?xml version="1.0" encoding="UTF-8"?>
<!-- Generated by org.testng.reporters.JUnitReportReporter -->
<testsuite hostname="DESKTOP-7STGH0Q" failures="0" tests="4" name="PrioritiesInTestNG.WithoutPriority" time="0.033" errors="0" timestamp="2024-03-16T10:52:16 IST" skipped="0">
  <testcase classname="PrioritiesInTestNG.WithoutPriority" name="division" time="0.004"/>
  <system-out/>
  <testcase classname="PrioritiesInTestNG.WithoutPriority" name="substraction" time="0.007"/>
  <system-out/>
  <testcase classname="PrioritiesInTestNG.WithoutPriority" name="multiplication" time="0.003"/>
  <system-out/>
  <testcase classname="PrioritiesInTestNG.WithoutPriority" name="addition" time="0.019"/>
  <system-out/>
</testsuite> <!-- PrioritiesInTestNG.WithoutPriority -->
