<?xml version="1.0" encoding="UTF-8"?>
<!-- Generated by org.testng.reporters.JUnitReportReporter -->
<testsuite hostname="DESKTOP-7STGH0Q" failures="0" tests="4" name="WeShopDemoSite.Test001" time="0.016" errors="0" timestamp="2024-03-16T13:32:38 IST" skipped="0">
  <testcase classname="WeShopDemoSite.Test001" name="addition" time="0.003"/>
  <system-out/>
  <testcase classname="WeShopDemoSite.Test001" name="substraction" time="0.004"/>
  <system-out/>
  <testcase classname="WeShopDemoSite.Test001" name="multiplication" time="0.004"/>
  <system-out/>
  <testcase classname="WeShopDemoSite.Test001" name="division" time="0.005"/>
  <system-out/>
</testsuite> <!-- WeShopDemoSite.Test001 -->
