<?xml version="1.0" encoding="UTF-8"?>
<!-- Generated by org.testng.reporters.JUnitReportReporter -->
<testsuite hostname="DESKTOP-7STGH0Q" failures="0" tests="3" name="DataProviderAnnotation.DataProvider1" time="25.787" errors="0" timestamp="2024-03-20T11:31:06 IST" skipped="0">
  <testcase classname="DataProviderAnnotation.DataProvider1" name="registration" time="8.177"/>
  <system-out/>
  <testcase classname="DataProviderAnnotation.DataProvider1" name="registration" time="9.533"/>
  <system-out/>
  <testcase classname="DataProviderAnnotation.DataProvider1" name="registration" time="8.077"/>
  <system-out/>
</testsuite> <!-- DataProviderAnnotation.DataProvider1 -->
