<?xml version="1.0" encoding="UTF-8"?>
<!-- Generated by org.testng.reporters.JUnitReportReporter -->
<testsuite hostname="DESKTOP-7STGH0Q" failures="0" tests="4" name="Com.TestNgDemo.withPAndNAndWithout" time="0.042" errors="0" timestamp="2024-03-16T12:05:03 IST" skipped="0">
  <testcase classname="Com.TestNgDemo.withPAndNAndWithout" name="division" time="0.019"/>
  <system-out/>
  <testcase classname="Com.TestNgDemo.withPAndNAndWithout" name="addition" time="0.006"/>
  <system-out/>
  <testcase classname="Com.TestNgDemo.withPAndNAndWithout" name="substraction" time="0.002"/>
  <system-out/>
  <testcase classname="Com.TestNgDemo.withPAndNAndWithout" name="multiplication" time="0.015"/>
  <system-out/>
</testsuite> <!-- Com.TestNgDemo.withPAndNAndWithout -->
