<?xml version="1.0" encoding="UTF-8"?>
<!-- Generated by org.testng.reporters.JUnitReportReporter -->
<testsuite hostname="DESKTOP-7STGH0Q" failures="0" tests="4" name="Com.TestNgDemo.withPositiveAndNegativePriority" time="0.032" errors="0" timestamp="2024-03-16T12:03:25 IST" skipped="0">
  <testcase classname="Com.TestNgDemo.withPositiveAndNegativePriority" name="banana" time="0.018"/>
  <system-out/>
  <testcase classname="Com.TestNgDemo.withPositiveAndNegativePriority" name="Mango" time="0.003"/>
  <system-out/>
  <testcase classname="Com.TestNgDemo.withPositiveAndNegativePriority" name="watermelon" time="0.003"/>
  <system-out/>
  <testcase classname="Com.TestNgDemo.withPositiveAndNegativePriority" name="Apple" time="0.008"/>
  <system-out/>
</testsuite> <!-- Com.TestNgDemo.withPositiveAndNegativePriority -->
