<?xml version="1.0" encoding="UTF-8"?>
<!-- Generated by org.testng.reporters.JUnitReportReporter -->
<testsuite hostname="DESKTOP-7STGH0Q" failures="0" tests="6" name="JPetDemoSite.JPetDemo" time="16.654" errors="0" timestamp="2024-03-17T11:41:44 IST" skipped="0">
  <testcase classname="JPetDemoSite.JPetDemo" name="accountInfo" time="6.749"/>
  <system-out/>
  <testcase classname="JPetDemoSite.JPetDemo" name="Login" time="2.515"/>
  <system-out/>
  <testcase classname="JPetDemoSite.JPetDemo" name="AllDogsInfo" time="1.904"/>
  <system-out/>
  <testcase classname="JPetDemoSite.JPetDemo" name="particularFishInfo" time="1.048"/>
  <system-out/>
  <testcase classname="JPetDemoSite.JPetDemo" name="CatsSpecies" time="1.036"/>
  <system-out/>
  <testcase classname="JPetDemoSite.JPetDemo" name="Birds" time="3.402"/>
  <system-out/>
</testsuite> <!-- JPetDemoSite.JPetDemo -->
