<?xml version="1.0" encoding="UTF-8"?>
<!-- Generated by org.testng.reporters.JUnitReportReporter -->
<testsuite hostname="DESKTOP-7STGH0Q" failures="0" tests="1" name="AsserionInTestNG.HardAssertAmazon" time="17.973" errors="0" timestamp="2024-03-21T13:02:37 IST" skipped="0">
  <testcase classname="AsserionInTestNG.HardAssertAmazon" name="search" time="17.973"/>
  <system-out/>
</testsuite> <!-- AsserionInTestNG.HardAssertAmazon -->
