<?xml version="1.0" encoding="UTF-8"?>
<!-- Generated by org.testng.reporters.JUnitReportReporter -->
<testsuite hostname="DESKTOP-7STGH0Q" failures="0" tests="6" name="Day_22_WebsitePrioritirs.WebShopTest" time="30.284" errors="0" timestamp="2024-03-23T21:45:20 IST" skipped="0">
  <testcase classname="Day_22_WebsitePrioritirs.WebShopTest" name="PurchaseProduct" time="2.806"/>
  <system-out/>
  <testcase classname="Day_22_WebsitePrioritirs.WebShopTest" name="shipping" time="12.031"/>
  <system-out/>
  <testcase classname="Day_22_WebsitePrioritirs.WebShopTest" name="checkout" time="1.550"/>
  <system-out/>
  <testcase classname="Day_22_WebsitePrioritirs.WebShopTest" name="Register" time="7.285"/>
  <system-out/>
  <testcase classname="Day_22_WebsitePrioritirs.WebShopTest" name="LoginCheck" time="2.845"/>
  <system-out/>
  <testcase classname="Day_22_WebsitePrioritirs.WebShopTest" name="AddTocart" time="3.767"/>
  <system-out/>
</testsuite> <!-- Day_22_WebsitePrioritirs.WebShopTest -->
