<?xml version="1.0" encoding="UTF-8"?>
<!-- Generated by org.testng.reporters.JUnitReportReporter -->
<testsuite hostname="DESKTOP-7STGH0Q" failures="0" tests="4" name="Com.TestNgDemo.NegativePriorities" time="0.044" errors="0" timestamp="2024-03-16T11:17:20 IST" skipped="0">
  <testcase classname="Com.TestNgDemo.NegativePriorities" name="pinapple" time="0.032"/>
  <system-out/>
  <testcase classname="Com.TestNgDemo.NegativePriorities" name="pomgranate" time="0.003"/>
  <system-out/>
  <testcase classname="Com.TestNgDemo.NegativePriorities" name="apple" time="0.003"/>
  <system-out/>
  <testcase classname="Com.TestNgDemo.NegativePriorities" name="Banana" time="0.006"/>
  <system-out/>
</testsuite> <!-- Com.TestNgDemo.NegativePriorities -->
