<?xml version="1.0" encoding="UTF-8"?>
<!-- Generated by org.testng.reporters.JUnitReportReporter -->
<testsuite hostname="DESKTOP-7STGH0Q" failures="0" tests="2" name="day_26_DependsOnMethods.DependsOnMethodDemo" time="0.018" errors="0" timestamp="2024-03-23T21:43:52 IST" skipped="0">
  <testcase classname="day_26_DependsOnMethods.DependsOnMethodDemo" name="m3" time="0.016"/>
  <system-out/>
  <testcase classname="day_26_DependsOnMethods.DependsOnMethodDemo" name="m1" time="0.002"/>
  <system-out/>
</testsuite> <!-- day_26_DependsOnMethods.DependsOnMethodDemo -->
