<?xml version="1.0" encoding="UTF-8"?>
<!-- Generated by org.testng.reporters.JUnitReportReporter -->
<testsuite hostname="DESKTOP-7STGH0Q" failures="0" tests="5" name="DataProviderAnnotation.DemoWebShop" time="20.477" errors="0" timestamp="2024-03-20T12:53:20 IST" skipped="0">
  <testcase classname="DataProviderAnnotation.DemoWebShop" name="register" time="3.452"/>
  <system-out/>
  <testcase classname="DataProviderAnnotation.DemoWebShop" name="register" time="4.006"/>
  <system-out/>
  <testcase classname="DataProviderAnnotation.DemoWebShop" name="register" time="3.460"/>
  <system-out/>
  <testcase classname="DataProviderAnnotation.DemoWebShop" name="login" time="5.619"/>
  <system-out/>
  <testcase classname="DataProviderAnnotation.DemoWebShop" name="login" time="3.940"/>
  <system-out/>
</testsuite> <!-- DataProviderAnnotation.DemoWebShop -->
