<?xml version="1.0" encoding="UTF-8"?>
<!-- Generated by org.testng.reporters.JUnitReportReporter -->
<testsuite hostname="DESKTOP-7STGH0Q" failures="0" tests="4" name="Com.TestNgDemo.WithSamePriority" time="0.034" errors="0" timestamp="2024-03-16T12:09:32 IST" skipped="0">
  <testcase classname="Com.TestNgDemo.WithSamePriority" name="Mango" time="0.019"/>
  <system-out/>
  <testcase classname="Com.TestNgDemo.WithSamePriority" name="banana" time="0.005"/>
  <system-out/>
  <testcase classname="Com.TestNgDemo.WithSamePriority" name="apple" time="0.004"/>
  <system-out/>
  <testcase classname="Com.TestNgDemo.WithSamePriority" name="watermelon" time="0.006"/>
  <system-out/>
</testsuite> <!-- Com.TestNgDemo.WithSamePriority -->
