<?xml version="1.0" encoding="UTF-8"?>
<!-- Generated by org.testng.reporters.JUnitReportReporter -->
<testsuite hostname="DESKTOP-7STGH0Q" failures="0" tests="5" name="PrioritiesInTestNG.WithoutPrioritiesCapitalAndsmall" time="0.038" errors="0" timestamp="2024-03-16T11:06:47 IST" skipped="0">
  <testcase classname="PrioritiesInTestNG.WithoutPrioritiesCapitalAndsmall" name="AAA" time="0.023"/>
  <system-out/>
  <testcase classname="PrioritiesInTestNG.WithoutPrioritiesCapitalAndsmall" name="bbb" time="0.003"/>
  <system-out/>
  <testcase classname="PrioritiesInTestNG.WithoutPrioritiesCapitalAndsmall" name="aaa" time="0.004"/>
  <system-out/>
  <testcase classname="PrioritiesInTestNG.WithoutPrioritiesCapitalAndsmall" name="BBB" time="0.004"/>
  <system-out/>
  <testcase classname="PrioritiesInTestNG.WithoutPrioritiesCapitalAndsmall" name="CCC" time="0.004"/>
  <system-out/>
</testsuite> <!-- PrioritiesInTestNG.WithoutPrioritiesCapitalAndsmall -->
